<?xml version="1.0" encoding="UTF-8"?>
<!-- Generated by org.testng.reporters.JUnitXMLReporter -->
<testsuite hostname="Andrey-PC" ignored="5" name="Default test" tests="1" failures="0" timestamp="10 Feb 2019 07:41:51 GMT" time="0.045" errors="0">
  <testcase name="printEvenNumbers" time="0.014" classname="day1.Day1Coding"/>
  <testcase name="printEvenNumbersFromWebsite" time="0.0" classname="day1.Day1Coding">
    <ignored/>
  </testcase> <!-- printEvenNumbersFromWebsite -->
  <testcase name="test003" time="0.0" classname="day1.Day1Coding">
    <ignored/>
  </testcase> <!-- test003 -->
  <testcase name="test002" time="0.0" classname="day1.Day1Coding">
    <ignored/>
  </testcase> <!-- test002 -->
  <testcase name="test001" time="0.0" classname="day1.Day1Coding">
    <ignored/>
  </testcase> <!-- test001 -->
  <testcase name="test006" time="0.0" classname="day1.Day1Coding">
    <ignored/>
  </testcase> <!-- test006 -->
</testsuite> <!-- Default test -->
