<?xml version="1.0" encoding="UTF-8"?>
<testng-results skipped="0" failed="0" ignored="0" total="1" passed="1">
  <reporter-output>
  </reporter-output>
  <suite name="Default suite" duration-ms="10210" started-at="2019-03-06T06:04:00Z" finished-at="2019-03-06T06:04:10Z">
    <groups>
    </groups>
    <test name="Default test" duration-ms="10210" started-at="2019-03-06T06:04:00Z" finished-at="2019-03-06T06:04:10Z">
      <class name="day4.WindowsHandles">
        <test-method status="PASS" signature="setupBrowser()[pri:0, instance:day4.WindowsHandles@2b98378d]" name="setupBrowser" is-config="true" duration-ms="5953" started-at="2019-03-06T06:03:54Z" finished-at="2019-03-06T06:04:00Z">
          <reporter-output>
          </reporter-output>
        </test-method> <!-- setupBrowser -->
        <test-method status="PASS" signature="test001()[pri:0, instance:day4.WindowsHandles@2b98378d]" name="test001" duration-ms="10188" started-at="2019-03-06T06:04:00Z" finished-at="2019-03-06T06:04:10Z">
          <reporter-output>
          </reporter-output>
        </test-method> <!-- test001 -->
      </class> <!-- day4.WindowsHandles -->
    </test> <!-- Default test -->
  </suite> <!-- Default suite -->
</testng-results>
